0 info it worked if it ends with ok
1 verbose cli [ '/usr/local/Cellar/node/0.10.13/bin/node',
1 verbose cli   '/usr/local/bin/npm',
1 verbose cli   'install',
1 verbose cli   'node-video' ]
2 info using npm@1.3.2
3 info using node@v0.10.13
4 verbose cache add [ 'node-video', null ]
5 verbose cache add name=undefined spec="node-video" args=["node-video",null]
6 verbose parsed url { protocol: null,
6 verbose parsed url   slashes: null,
6 verbose parsed url   auth: null,
6 verbose parsed url   host: null,
6 verbose parsed url   port: null,
6 verbose parsed url   hostname: null,
6 verbose parsed url   hash: null,
6 verbose parsed url   search: null,
6 verbose parsed url   query: null,
6 verbose parsed url   pathname: 'node-video',
6 verbose parsed url   path: 'node-video',
6 verbose parsed url   href: 'node-video' }
7 silly lockFile a94581f0-node-video node-video
8 verbose lock node-video /Users/hbradlow/.npm/a94581f0-node-video.lock
9 silly lockFile a94581f0-node-video node-video
10 silly lockFile a94581f0-node-video node-video
11 verbose addNamed [ 'node-video', '' ]
12 verbose addNamed [ null, '*' ]
13 silly lockFile 0bbd600f-node-video node-video@
14 verbose lock node-video@ /Users/hbradlow/.npm/0bbd600f-node-video.lock
15 silly addNameRange { name: 'node-video', range: '*', hasData: false }
16 verbose url raw node-video
17 verbose url resolving [ 'https://registry.npmjs.org/', './node-video' ]
18 verbose url resolved https://registry.npmjs.org/node-video
19 info trying registry request attempt 1 at 14:22:22
20 http GET https://registry.npmjs.org/node-video
21 http 404 https://registry.npmjs.org/node-video
22 silly registry.get cb [ 404,
22 silly registry.get   { server: 'CouchDB/1.3.1 (Erlang OTP/R15B03)',
22 silly registry.get     date: 'Sat, 31 Aug 2013 21:22:18 GMT',
22 silly registry.get     'content-type': 'application/json',
22 silly registry.get     'content-length': '52',
22 silly registry.get     'cache-control': 'must-revalidate' } ]
23 silly lockFile 0bbd600f-node-video node-video@
24 silly lockFile 0bbd600f-node-video node-video@
25 error 404 'node-video' is not in the npm registry.
25 error 404 You should bug the author to publish it
25 error 404
25 error 404 Maybe try 'npm search video'
25 error 404
25 error 404 Note that you can also install from a
25 error 404 tarball, folder, or http url, or git url.
26 error System Darwin 12.3.0
27 error command "/usr/local/Cellar/node/0.10.13/bin/node" "/usr/local/bin/npm" "install" "node-video"
28 error cwd /Users/hbradlow/Desktop/Work/Ongoing/Drones/javascript
29 error node -v v0.10.13
30 error npm -v 1.3.2
31 error code E404
32 verbose exit [ 1, true ]
