This file contains any messages produced by compilers while
running configure, to aid debugging if configure makes a mistake.

It was created by libaacplus configure 2.0.2, which was
generated by GNU Autoconf 2.69.  Invocation command line was

  $ ./configure 

## --------- ##
## Platform. ##
## --------- ##

hostname = Henrys-MacBook-Pro.local
uname -m = x86_64
uname -r = 12.3.0
uname -s = Darwin
uname -v = Darwin Kernel Version 12.3.0: Sun Jan  6 22:37:10 PST 2013; root:xnu-2050.22.13~1/RELEASE_X86_64

/usr/bin/uname -p = i386
/bin/uname -X     = unknown

/bin/arch              = unknown
/usr/bin/arch -k       = unknown
/usr/convex/getsysinfo = unknown
/usr/bin/hostinfo      = Mach kernel version:
	 Darwin Kernel Version 12.3.0: Sun Jan  6 22:37:10 PST 2013; root:xnu-2050.22.13~1/RELEASE_X86_64
Kernel configured for up to 4 processors.
2 processors are physically available.
4 processors are logically available.
Processor type: i486 (Intel 80486)
Processors active: 0 1 2 3
Primary memory available: 8.00 gigabytes
Default processor set: 158 tasks, 803 threads, 4 processors
Load average: 2.53, Mach factor: 1.46
/bin/machine           = unknown
/usr/bin/oslevel       = unknown
/bin/universe          = unknown

PATH: /opt/local/bin
PATH: /opt/local/sbin
PATH: /opt/local/bin
PATH: /opt/local/sbin
PATH: /usr/bin
PATH: /bin
PATH: /usr/sbin
PATH: /sbin
PATH: /usr/local/bin
PATH: /usr/X11/bin
PATH: /usr/local/git/bin
PATH: /usr/texbin
PATH: /Users/henrybradlow/Desktop/Programming/android-sdk-mac_x86/tools


## ----------- ##
## Core tests. ##
## ----------- ##

configure:2418: checking for a BSD-compatible install
configure:2486: result: /usr/bin/install -c
configure:2497: checking whether build environment is sane
configure:2552: result: yes
configure:2703: checking for a thread-safe mkdir -p
configure:2742: result: ./install-sh -c -d
configure:2749: checking for gawk
configure:2765: found /usr/local/bin/gawk
configure:2776: result: gawk
configure:2787: checking whether make sets $(MAKE)
configure:2809: result: yes
configure:2838: checking whether make supports nested variables
configure:2855: result: yes
configure:3033: checking for gcc
configure:3049: found /usr/bin/gcc
configure:3060: result: gcc
configure:3289: checking for C compiler version
configure:3298: gcc --version >&5
i686-apple-darwin11-llvm-gcc-4.2 (GCC) 4.2.1 (Based on Apple Inc. build 5658) (LLVM build 2336.11.00)
Copyright (C) 2007 Free Software Foundation, Inc.
This is free software; see the source for copying conditions.  There is NO
warranty; not even for MERCHANTABILITY or FITNESS FOR A PARTICULAR PURPOSE.

configure:3309: $? = 0
configure:3298: gcc -v >&5
Using built-in specs.
Target: i686-apple-darwin11
Configured with: /private/var/tmp/llvmgcc42/llvmgcc42-2336.11~182/src/configure --disable-checking --enable-werror --prefix=/Applications/Xcode.app/Contents/Developer/usr/llvm-gcc-4.2 --mandir=/share/man --enable-languages=c,objc,c++,obj-c++ --program-prefix=llvm- --program-transform-name=/^[cg][^.-]*$/s/$/-4.2/ --with-slibdir=/usr/lib --build=i686-apple-darwin11 --enable-llvm=/private/var/tmp/llvmgcc42/llvmgcc42-2336.11~182/dst-llvmCore/Developer/usr/local --program-prefix=i686-apple-darwin11- --host=x86_64-apple-darwin11 --target=i686-apple-darwin11 --with-gxx-include-dir=/usr/include/c++/4.2.1
Thread model: posix
gcc version 4.2.1 (Based on Apple Inc. build 5658) (LLVM build 2336.11.00)
configure:3309: $? = 0
configure:3298: gcc -V >&5
llvm-gcc-4.2: argument to `-V' is missing
configure:3309: $? = 1
configure:3298: gcc -qversion >&5
i686-apple-darwin11-llvm-gcc-4.2: no input files
configure:3309: $? = 1
configure:3329: checking whether the C compiler works
configure:3351: gcc    conftest.c  >&5
configure:3355: $? = 0
configure:3403: result: yes
configure:3406: checking for C compiler default output file name
configure:3408: result: a.out
configure:3414: checking for suffix of executables
configure:3421: gcc -o conftest    conftest.c  >&5
configure:3425: $? = 0
configure:3447: result: 
configure:3469: checking whether we are cross compiling
configure:3477: gcc -o conftest    conftest.c  >&5
configure:3481: $? = 0
configure:3488: ./conftest
configure:3492: $? = 0
configure:3507: result: no
configure:3512: checking for suffix of object files
configure:3534: gcc -c   conftest.c >&5
configure:3538: $? = 0
configure:3559: result: o
configure:3563: checking whether we are using the GNU C compiler
configure:3582: gcc -c   conftest.c >&5
configure:3582: $? = 0
configure:3591: result: yes
configure:3600: checking whether gcc accepts -g
configure:3620: gcc -c -g  conftest.c >&5
configure:3620: $? = 0
configure:3661: result: yes
configure:3678: checking for gcc option to accept ISO C89
configure:3741: gcc  -c -g -O2  conftest.c >&5
configure:3741: $? = 0
configure:3754: result: none needed
configure:3779: checking whether gcc understands -c and -o together
configure:3801: gcc -c conftest.c -o conftest2.o
configure:3804: $? = 0
configure:3801: gcc -c conftest.c -o conftest2.o
configure:3804: $? = 0
configure:3816: result: yes
configure:3844: checking for style of include used by make
configure:3872: result: GNU
configure:3898: checking dependency style of gcc
configure:4009: result: gcc3
configure:4030: checking how to run the C preprocessor
configure:4061: gcc -E  conftest.c
configure:4061: $? = 0
configure:4075: gcc -E  conftest.c
conftest.c:11:28: error: ac_nonexistent.h: No such file or directory
configure:4075: $? = 1
configure: failed program was:
| /* confdefs.h */
| #define PACKAGE_NAME "libaacplus"
| #define PACKAGE_TARNAME "libaacplus"
| #define PACKAGE_VERSION "2.0.2"
| #define PACKAGE_STRING "libaacplus 2.0.2"
| #define PACKAGE_BUGREPORT "Sergiy Guriev <piratfm@ua.fm>"
| #define PACKAGE_URL ""
| #define PACKAGE "libaacplus"
| #define VERSION "2.0.2"
| /* end confdefs.h.  */
| #include <ac_nonexistent.h>
configure:4100: result: gcc -E
configure:4120: gcc -E  conftest.c
configure:4120: $? = 0
configure:4134: gcc -E  conftest.c
conftest.c:11:28: error: ac_nonexistent.h: No such file or directory
configure:4134: $? = 1
configure: failed program was:
| /* confdefs.h */
| #define PACKAGE_NAME "libaacplus"
| #define PACKAGE_TARNAME "libaacplus"
| #define PACKAGE_VERSION "2.0.2"
| #define PACKAGE_STRING "libaacplus 2.0.2"
| #define PACKAGE_BUGREPORT "Sergiy Guriev <piratfm@ua.fm>"
| #define PACKAGE_URL ""
| #define PACKAGE "libaacplus"
| #define VERSION "2.0.2"
| /* end confdefs.h.  */
| #include <ac_nonexistent.h>
configure:4163: checking whether ln -s works
configure:4167: result: yes
configure:4174: checking whether make sets $(MAKE)
configure:4196: result: yes
configure:4209: checking build system type
configure:4223: result: x86_64-apple-darwin12.3.0
configure:4243: checking host system type
configure:4256: result: x86_64-apple-darwin12.3.0
configure:4625: checking how to print strings
configure:4652: result: printf
configure:4673: checking for a sed that does not truncate output
configure:4737: result: /usr/bin/sed
configure:4755: checking for grep that handles long lines and -e
configure:4813: result: /usr/bin/grep
configure:4818: checking for egrep
configure:4880: result: /usr/bin/grep -E
configure:4885: checking for fgrep
configure:4947: result: /usr/bin/grep -F
configure:4982: checking for ld used by gcc
configure:5049: result: /usr/llvm-gcc-4.2/libexec/gcc/i686-apple-darwin11/4.2.1/ld
configure:5056: checking if the linker (/usr/llvm-gcc-4.2/libexec/gcc/i686-apple-darwin11/4.2.1/ld) is GNU ld
configure:5071: result: no
configure:5083: checking for BSD- or MS-compatible name lister (nm)
configure:5132: result: /usr/bin/nm
configure:5262: checking the name lister (/usr/bin/nm) interface
configure:5269: gcc -c -g -O2  conftest.c >&5
configure:5272: /usr/bin/nm "conftest.o"
configure:5275: output
00000000000001dc S _some_variable
configure:5282: result: BSD nm
configure:5286: checking the maximum length of command line arguments
configure:5416: result: 196608
configure:5433: checking whether the shell understands some XSI constructs
configure:5443: result: yes
configure:5447: checking whether the shell understands "+="
configure:5453: result: yes
configure:5488: checking how to convert x86_64-apple-darwin12.3.0 file names to x86_64-apple-darwin12.3.0 format
configure:5528: result: func_convert_file_noop
configure:5535: checking how to convert x86_64-apple-darwin12.3.0 file names to toolchain format
configure:5555: result: func_convert_file_noop
configure:5562: checking for /usr/llvm-gcc-4.2/libexec/gcc/i686-apple-darwin11/4.2.1/ld option to reload object files
configure:5569: result: -r
configure:5643: checking for objdump
configure:5670: result: objdump
configure:5699: checking how to recognize dependent libraries
configure:5901: result: pass_all
configure:5986: checking for dlltool
configure:6013: result: dlltool
configure:6043: checking how to associate runtime and link libraries
configure:6070: result: printf %s\n
configure:6131: checking for ar
configure:6147: found /usr/bin/ar
configure:6158: result: ar
configure:6195: checking for archiver @FILE support
configure:6212: gcc -c -g -O2  conftest.c >&5
configure:6212: $? = 0
configure:6215: ar cru libconftest.a @conftest.lst >&5
ar: @conftest.lst: No such file or directory
configure:6218: $? = 1
configure:6238: result: no
configure:6296: checking for strip
configure:6312: found /usr/bin/strip
configure:6323: result: strip
configure:6395: checking for ranlib
configure:6411: found /usr/bin/ranlib
configure:6422: result: ranlib
configure:6524: checking command to parse /usr/bin/nm output from gcc object
configure:6644: gcc -c -g -O2  conftest.c >&5
configure:6647: $? = 0
configure:6651: /usr/bin/nm conftest.o \| sed -n -e 's/^.*[ ]\([BCDEGRST][BCDEGRST]*\)[ ][ ]*\([_A-Za-z][_A-Za-z0-9]*\)$/\1 \2 \2/p' | sed '/ __gnu_lto/d' \> conftest.nm
configure:6654: $? = 0
cannot find nm_test_var in conftest.nm
configure:6644: gcc -c -g -O2  conftest.c >&5
configure:6647: $? = 0
configure:6651: /usr/bin/nm conftest.o \| sed -n -e 's/^.*[ ]\([BCDEGRST][BCDEGRST]*\)[ ][ ]*_\([_A-Za-z][_A-Za-z0-9]*\)$/\1 _\2 \2/p' | sed '/ __gnu_lto/d' \> conftest.nm
configure:6654: $? = 0
configure:6720: gcc -o conftest -g -O2   conftest.c conftstm.o >&5
configure:6723: $? = 0
configure:6761: result: ok
configure:6798: checking for sysroot
configure:6828: result: no
configure:7084: checking for mt
configure:7114: result: no
configure:7134: checking if : is a manifest tool
configure:7140: : '-?'
configure:7148: result: no
configure:7204: checking for dsymutil
configure:7220: found /usr/bin/dsymutil
configure:7231: result: dsymutil
configure:7296: checking for nmedit
configure:7312: found /usr/bin/nmedit
configure:7323: result: nmedit
configure:7388: checking for lipo
configure:7404: found /usr/bin/lipo
configure:7415: result: lipo
configure:7480: checking for otool
configure:7496: found /usr/bin/otool
configure:7507: result: otool
configure:7572: checking for otool64
configure:7602: result: no
configure:7647: checking for -single_module linker flag
gcc -g -O2  -o libconftest.dylib -dynamiclib -Wl,-single_module conftest.c
configure:7680: result: yes
configure:7683: checking for -exported_symbols_list linker flag
configure:7703: gcc -o conftest -g -O2   -Wl,-exported_symbols_list,conftest.sym conftest.c  >&5
configure:7703: $? = 0
configure:7713: result: yes
configure:7716: checking for -force_load linker flag
gcc -g -O2 -c -o conftest.o conftest.c
ar cru libconftest.a conftest.o
ranlib libconftest.a
gcc -g -O2  -o conftest conftest.c -Wl,-force_load,./libconftest.a
configure:7748: result: yes
configure:7786: checking for ANSI C header files
configure:7806: gcc -c -g -O2  conftest.c >&5
configure:7806: $? = 0
configure:7879: gcc -o conftest -g -O2   conftest.c  >&5
configure:7879: $? = 0
configure:7879: ./conftest
configure:7879: $? = 0
configure:7890: result: yes
configure:7903: checking for sys/types.h
configure:7903: gcc -c -g -O2  conftest.c >&5
configure:7903: $? = 0
configure:7903: result: yes
configure:7903: checking for sys/stat.h
configure:7903: gcc -c -g -O2  conftest.c >&5
configure:7903: $? = 0
configure:7903: result: yes
configure:7903: checking for stdlib.h
configure:7903: gcc -c -g -O2  conftest.c >&5
configure:7903: $? = 0
configure:7903: result: yes
configure:7903: checking for string.h
configure:7903: gcc -c -g -O2  conftest.c >&5
configure:7903: $? = 0
configure:7903: result: yes
configure:7903: checking for memory.h
configure:7903: gcc -c -g -O2  conftest.c >&5
configure:7903: $? = 0
configure:7903: result: yes
configure:7903: checking for strings.h
configure:7903: gcc -c -g -O2  conftest.c >&5
configure:7903: $? = 0
configure:7903: result: yes
configure:7903: checking for inttypes.h
configure:7903: gcc -c -g -O2  conftest.c >&5
configure:7903: $? = 0
configure:7903: result: yes
configure:7903: checking for stdint.h
configure:7903: gcc -c -g -O2  conftest.c >&5
configure:7903: $? = 0
configure:7903: result: yes
configure:7903: checking for unistd.h
configure:7903: gcc -c -g -O2  conftest.c >&5
configure:7903: $? = 0
configure:7903: result: yes
configure:7917: checking for dlfcn.h
configure:7917: gcc -c -g -O2  conftest.c >&5
configure:7917: $? = 0
configure:7917: result: yes
configure:8121: checking for objdir
configure:8136: result: .libs
configure:8407: checking if gcc supports -fno-rtti -fno-exceptions
configure:8425: gcc -c -g -O2  -fno-rtti -fno-exceptions conftest.c >&5
cc1: warning: command line option "-fno-rtti" is valid for C++/ObjC++ but not for C
configure:8429: $? = 0
configure:8442: result: no
configure:8769: checking for gcc option to produce PIC
configure:8776: result: -fno-common -DPIC
configure:8784: checking if gcc PIC flag -fno-common -DPIC works
configure:8802: gcc -c -g -O2  -fno-common -DPIC -DPIC conftest.c >&5
configure:8806: $? = 0
configure:8819: result: yes
configure:8848: checking if gcc static flag -static works
configure:8876: result: no
configure:8891: checking if gcc supports -c -o file.o
configure:8912: gcc -c -g -O2  -o out/conftest2.o conftest.c >&5
configure:8916: $? = 0
configure:8938: result: yes
configure:8946: checking if gcc supports -c -o file.o
configure:8993: result: yes
configure:9026: checking whether the gcc linker (/usr/llvm-gcc-4.2/libexec/gcc/i686-apple-darwin11/4.2.1/ld) supports shared libraries
configure:10179: result: yes
configure:10419: checking dynamic linker characteristics
configure:11152: result: darwin12.3.0 dyld
configure:11259: checking how to hardcode library paths into programs
configure:11284: result: immediate
configure:11824: checking whether stripping libraries is possible
configure:11838: result: yes
configure:11864: checking if libtool supports shared libraries
configure:11866: result: yes
configure:11869: checking whether to build shared libraries
configure:11890: result: yes
configure:11893: checking whether to build static libraries
configure:11897: result: yes
configure:11936: checking for unzip
configure:11954: found /usr/bin/unzip
configure:11966: result: /usr/bin/unzip
configure:11979: checking for patch
configure:11997: found /usr/bin/patch
configure:12009: result: /usr/bin/patch
configure:12030: checking for /bin/bash
configure:12043: result: yes
configure:12168: checking for parameter expansion string replace capable shell
configure:12184: result: /bin/bash
configure:12210: checking for wget
configure:12228: found /usr/local/bin/wget
configure:12240: result: /usr/local/bin/wget
configure:12255: checking for web downloading command
configure:12284: result: /usr/local/bin/wget -N
configure:12298: checking for library containing sqrt
configure:12329: gcc -o conftest -g -O2   conftest.c  >&5
conftest.c:30: warning: conflicting types for built-in function 'sqrt'
configure:12329: $? = 0
configure:12346: result: none required
configure:12356: checking for ANSI C header files
configure:12460: result: yes
configure:12471: checking float.h usability
configure:12471: gcc -c -g -O2  conftest.c >&5
configure:12471: $? = 0
configure:12471: result: yes
configure:12471: checking float.h presence
configure:12471: gcc -E  conftest.c
configure:12471: $? = 0
configure:12471: result: yes
configure:12471: checking for float.h
configure:12471: result: yes
configure:12471: checking for memory.h
configure:12471: result: yes
configure:12471: checking for stdint.h
configure:12471: result: yes
configure:12471: checking for stdlib.h
configure:12471: result: yes
configure:12471: checking for string.h
configure:12471: result: yes
configure:12487: checking for an ANSI C-conforming const
configure:12553: gcc -c -g -O2  conftest.c >&5
configure:12553: $? = 0
configure:12560: result: yes
configure:12568: checking for int16_t
configure:12568: gcc -c -g -O2  conftest.c >&5
configure:12568: $? = 0
configure:12568: gcc -c -g -O2  conftest.c >&5
conftest.c: In function 'main':
conftest.c:67: error: size of array 'test_array' is negative
configure:12568: $? = 1
configure: failed program was:
| /* confdefs.h */
| #define PACKAGE_NAME "libaacplus"
| #define PACKAGE_TARNAME "libaacplus"
| #define PACKAGE_VERSION "2.0.2"
| #define PACKAGE_STRING "libaacplus 2.0.2"
| #define PACKAGE_BUGREPORT "Sergiy Guriev <piratfm@ua.fm>"
| #define PACKAGE_URL ""
| #define PACKAGE "libaacplus"
| #define VERSION "2.0.2"
| #define STDC_HEADERS 1
| #define HAVE_SYS_TYPES_H 1
| #define HAVE_SYS_STAT_H 1
| #define HAVE_STDLIB_H 1
| #define HAVE_STRING_H 1
| #define HAVE_MEMORY_H 1
| #define HAVE_STRINGS_H 1
| #define HAVE_INTTYPES_H 1
| #define HAVE_STDINT_H 1
| #define HAVE_UNISTD_H 1
| #define HAVE_DLFCN_H 1
| #define LT_OBJDIR ".libs/"
| #define STDC_HEADERS 1
| #define HAVE_FLOAT_H 1
| #define HAVE_MEMORY_H 1
| #define HAVE_STDINT_H 1
| #define HAVE_STDLIB_H 1
| #define HAVE_STRING_H 1
| /* end confdefs.h.  */
| #include <stdio.h>
| #ifdef HAVE_SYS_TYPES_H
| # include <sys/types.h>
| #endif
| #ifdef HAVE_SYS_STAT_H
| # include <sys/stat.h>
| #endif
| #ifdef STDC_HEADERS
| # include <stdlib.h>
| # include <stddef.h>
| #else
| # ifdef HAVE_STDLIB_H
| #  include <stdlib.h>
| # endif
| #endif
| #ifdef HAVE_STRING_H
| # if !defined STDC_HEADERS && defined HAVE_MEMORY_H
| #  include <memory.h>
| # endif
| # include <string.h>
| #endif
| #ifdef HAVE_STRINGS_H
| # include <strings.h>
| #endif
| #ifdef HAVE_INTTYPES_H
| # include <inttypes.h>
| #endif
| #ifdef HAVE_STDINT_H
| # include <stdint.h>
| #endif
| #ifdef HAVE_UNISTD_H
| # include <unistd.h>
| #endif
| 	        enum { N = 16 / 2 - 1 };
| int
| main ()
| {
| static int test_array [1 - 2 * !((int16_t) (((((int16_t) 1 << N) << N) - 1) * 2 + 1)
| 		 < (int16_t) (((((int16_t) 1 << N) << N) - 1) * 2 + 2))];
| test_array [0] = 0;
| return test_array [0];
| 
|   ;
|   return 0;
| }
configure:12568: result: yes
configure:12579: checking for int32_t
configure:12579: gcc -c -g -O2  conftest.c >&5
configure:12579: $? = 0
configure:12579: gcc -c -g -O2  conftest.c >&5
conftest.c: In function 'main':
conftest.c:67: warning: integer overflow in expression
conftest.c:67: error: size of array 'test_array' is negative
configure:12579: $? = 1
configure: failed program was:
| /* confdefs.h */
| #define PACKAGE_NAME "libaacplus"
| #define PACKAGE_TARNAME "libaacplus"
| #define PACKAGE_VERSION "2.0.2"
| #define PACKAGE_STRING "libaacplus 2.0.2"
| #define PACKAGE_BUGREPORT "Sergiy Guriev <piratfm@ua.fm>"
| #define PACKAGE_URL ""
| #define PACKAGE "libaacplus"
| #define VERSION "2.0.2"
| #define STDC_HEADERS 1
| #define HAVE_SYS_TYPES_H 1
| #define HAVE_SYS_STAT_H 1
| #define HAVE_STDLIB_H 1
| #define HAVE_STRING_H 1
| #define HAVE_MEMORY_H 1
| #define HAVE_STRINGS_H 1
| #define HAVE_INTTYPES_H 1
| #define HAVE_STDINT_H 1
| #define HAVE_UNISTD_H 1
| #define HAVE_DLFCN_H 1
| #define LT_OBJDIR ".libs/"
| #define STDC_HEADERS 1
| #define HAVE_FLOAT_H 1
| #define HAVE_MEMORY_H 1
| #define HAVE_STDINT_H 1
| #define HAVE_STDLIB_H 1
| #define HAVE_STRING_H 1
| /* end confdefs.h.  */
| #include <stdio.h>
| #ifdef HAVE_SYS_TYPES_H
| # include <sys/types.h>
| #endif
| #ifdef HAVE_SYS_STAT_H
| # include <sys/stat.h>
| #endif
| #ifdef STDC_HEADERS
| # include <stdlib.h>
| # include <stddef.h>
| #else
| # ifdef HAVE_STDLIB_H
| #  include <stdlib.h>
| # endif
| #endif
| #ifdef HAVE_STRING_H
| # if !defined STDC_HEADERS && defined HAVE_MEMORY_H
| #  include <memory.h>
| # endif
| # include <string.h>
| #endif
| #ifdef HAVE_STRINGS_H
| # include <strings.h>
| #endif
| #ifdef HAVE_INTTYPES_H
| # include <inttypes.h>
| #endif
| #ifdef HAVE_STDINT_H
| # include <stdint.h>
| #endif
| #ifdef HAVE_UNISTD_H
| # include <unistd.h>
| #endif
| 	        enum { N = 32 / 2 - 1 };
| int
| main ()
| {
| static int test_array [1 - 2 * !((int32_t) (((((int32_t) 1 << N) << N) - 1) * 2 + 1)
| 		 < (int32_t) (((((int32_t) 1 << N) << N) - 1) * 2 + 2))];
| test_array [0] = 0;
| return test_array [0];
| 
|   ;
|   return 0;
| }
configure:12579: result: yes
configure:12590: checking for int8_t
configure:12590: gcc -c -g -O2  conftest.c >&5
configure:12590: $? = 0
configure:12590: gcc -c -g -O2  conftest.c >&5
conftest.c: In function 'main':
conftest.c:67: error: size of array 'test_array' is negative
configure:12590: $? = 1
configure: failed program was:
| /* confdefs.h */
| #define PACKAGE_NAME "libaacplus"
| #define PACKAGE_TARNAME "libaacplus"
| #define PACKAGE_VERSION "2.0.2"
| #define PACKAGE_STRING "libaacplus 2.0.2"
| #define PACKAGE_BUGREPORT "Sergiy Guriev <piratfm@ua.fm>"
| #define PACKAGE_URL ""
| #define PACKAGE "libaacplus"
| #define VERSION "2.0.2"
| #define STDC_HEADERS 1
| #define HAVE_SYS_TYPES_H 1
| #define HAVE_SYS_STAT_H 1
| #define HAVE_STDLIB_H 1
| #define HAVE_STRING_H 1
| #define HAVE_MEMORY_H 1
| #define HAVE_STRINGS_H 1
| #define HAVE_INTTYPES_H 1
| #define HAVE_STDINT_H 1
| #define HAVE_UNISTD_H 1
| #define HAVE_DLFCN_H 1
| #define LT_OBJDIR ".libs/"
| #define STDC_HEADERS 1
| #define HAVE_FLOAT_H 1
| #define HAVE_MEMORY_H 1
| #define HAVE_STDINT_H 1
| #define HAVE_STDLIB_H 1
| #define HAVE_STRING_H 1
| /* end confdefs.h.  */
| #include <stdio.h>
| #ifdef HAVE_SYS_TYPES_H
| # include <sys/types.h>
| #endif
| #ifdef HAVE_SYS_STAT_H
| # include <sys/stat.h>
| #endif
| #ifdef STDC_HEADERS
| # include <stdlib.h>
| # include <stddef.h>
| #else
| # ifdef HAVE_STDLIB_H
| #  include <stdlib.h>
| # endif
| #endif
| #ifdef HAVE_STRING_H
| # if !defined STDC_HEADERS && defined HAVE_MEMORY_H
| #  include <memory.h>
| # endif
| # include <string.h>
| #endif
| #ifdef HAVE_STRINGS_H
| # include <strings.h>
| #endif
| #ifdef HAVE_INTTYPES_H
| # include <inttypes.h>
| #endif
| #ifdef HAVE_STDINT_H
| # include <stdint.h>
| #endif
| #ifdef HAVE_UNISTD_H
| # include <unistd.h>
| #endif
| 	        enum { N = 8 / 2 - 1 };
| int
| main ()
| {
| static int test_array [1 - 2 * !((int8_t) (((((int8_t) 1 << N) << N) - 1) * 2 + 1)
| 		 < (int8_t) (((((int8_t) 1 << N) << N) - 1) * 2 + 2))];
| test_array [0] = 0;
| return test_array [0];
| 
|   ;
|   return 0;
| }
configure:12590: result: yes
configure:12601: checking for uint16_t
configure:12601: gcc -c -g -O2  conftest.c >&5
configure:12601: $? = 0
configure:12601: result: yes
configure:12617: checking for stdlib.h
configure:12617: result: yes
configure:12627: checking for GNU libc compatible malloc
configure:12651: gcc -o conftest -g -O2   conftest.c  >&5
configure:12651: $? = 0
configure:12651: ./conftest
configure:12651: $? = 0
configure:12661: result: yes
configure:12682: checking for working memcmp
configure:12725: gcc -o conftest -g -O2   conftest.c  >&5
configure:12725: $? = 0
configure:12725: ./conftest
configure:12725: $? = 0
configure:12735: result: yes
configure:12747: checking for floor
configure:12747: gcc -o conftest -g -O2   conftest.c  >&5
conftest.c:54: warning: conflicting types for built-in function 'floor'
configure:12747: $? = 0
configure:12747: result: yes
configure:12747: checking for memmove
configure:12747: gcc -o conftest -g -O2   conftest.c  >&5
conftest.c:55: warning: conflicting types for built-in function 'memmove'
configure:12747: $? = 0
configure:12747: result: yes
configure:12747: checking for memset
configure:12747: gcc -o conftest -g -O2   conftest.c  >&5
conftest.c:56: warning: conflicting types for built-in function 'memset'
configure:12747: $? = 0
configure:12747: result: yes
configure:12747: checking for pow
configure:12747: gcc -o conftest -g -O2   conftest.c  >&5
conftest.c:57: warning: conflicting types for built-in function 'pow'
configure:12747: $? = 0
configure:12747: result: yes
configure:12747: checking for sqrt
configure:12747: gcc -o conftest -g -O2   conftest.c  >&5
conftest.c:58: warning: conflicting types for built-in function 'sqrt'
configure:12747: $? = 0
configure:12747: result: yes
configure:12784: checking for fftw3 library at /usr 
configure:12813: WARNING: not found
configure:12816: checking for fftw3 library at /usr/local 
configure:12859: WARNING: not found, building without fftw3
configure:12880: checking for pkg-config
configure:12896: found /usr/bin/pkg-config
configure:12908: result: yes
configure:13062: checking that generated files are newer than configure
configure:13068: result: done
configure:13095: creating ./config.status

## ---------------------- ##
## Running config.status. ##
## ---------------------- ##

This file was extended by libaacplus config.status 2.0.2, which was
generated by GNU Autoconf 2.69.  Invocation command line was

  CONFIG_FILES    = 
  CONFIG_HEADERS  = 
  CONFIG_LINKS    = 
  CONFIG_COMMANDS = 
  $ ./config.status 

on Henrys-MacBook-Pro.local

config.status:1121: creating aacplus.spec
config.status:1121: creating aacplus-config
config.status:1229: WARNING:  'aacplus-config.in' seems to ignore the --datarootdir setting
config.status:1121: creating aacplus.pc
config.status:1121: creating Makefile
config.status:1121: creating src/Makefile
config.status:1121: creating patches/Makefile
config.status:1121: creating include/Makefile
config.status:1121: creating frontend/Makefile
config.status:1121: creating config.h
config.status:1350: executing depfiles commands
config.status:1350: executing libtool commands

## ---------------- ##
## Cache variables. ##
## ---------------- ##

ac_cv_build=x86_64-apple-darwin12.3.0
ac_cv_c_compiler_gnu=yes
ac_cv_c_const=yes
ac_cv_c_int16_t=yes
ac_cv_c_int32_t=yes
ac_cv_c_int8_t=yes
ac_cv_c_uint16_t=yes
ac_cv_downloader_prog='/usr/local/bin/wget -N'
ac_cv_env_CC_set=
ac_cv_env_CC_value=
ac_cv_env_CFLAGS_set=
ac_cv_env_CFLAGS_value=
ac_cv_env_CPPFLAGS_set=
ac_cv_env_CPPFLAGS_value=
ac_cv_env_CPP_set=
ac_cv_env_CPP_value=
ac_cv_env_LDFLAGS_set=
ac_cv_env_LDFLAGS_value=
ac_cv_env_LIBS_set=
ac_cv_env_LIBS_value=
ac_cv_env_build_alias_set=
ac_cv_env_build_alias_value=
ac_cv_env_host_alias_set=
ac_cv_env_host_alias_value=
ac_cv_env_target_alias_set=
ac_cv_env_target_alias_value=
ac_cv_file__bin_bash=yes
ac_cv_func_floor=yes
ac_cv_func_malloc_0_nonnull=yes
ac_cv_func_memcmp_working=yes
ac_cv_func_memmove=yes
ac_cv_func_memset=yes
ac_cv_func_pow=yes
ac_cv_func_sqrt=yes
ac_cv_header_dlfcn_h=yes
ac_cv_header_float_h=yes
ac_cv_header_inttypes_h=yes
ac_cv_header_memory_h=yes
ac_cv_header_stdc=yes
ac_cv_header_stdint_h=yes
ac_cv_header_stdlib_h=yes
ac_cv_header_string_h=yes
ac_cv_header_strings_h=yes
ac_cv_header_sys_stat_h=yes
ac_cv_header_sys_types_h=yes
ac_cv_header_unistd_h=yes
ac_cv_host=x86_64-apple-darwin12.3.0
ac_cv_objext=o
ac_cv_parameter_expansion_string_replace_capable_shell=/bin/bash
ac_cv_path_DOWNLOADER_PROG_CMD=/usr/local/bin/wget
ac_cv_path_EGREP='/usr/bin/grep -E'
ac_cv_path_FGREP='/usr/bin/grep -F'
ac_cv_path_GREP=/usr/bin/grep
ac_cv_path_PATCH=/usr/bin/patch
ac_cv_path_SED=/usr/bin/sed
ac_cv_path_UNZIP=/usr/bin/unzip
ac_cv_path_install='/usr/bin/install -c'
ac_cv_prog_AWK=gawk
ac_cv_prog_CPP='gcc -E'
ac_cv_prog_PKGCONFIG=yes
ac_cv_prog_ac_ct_AR=ar
ac_cv_prog_ac_ct_CC=gcc
ac_cv_prog_ac_ct_DLLTOOL=dlltool
ac_cv_prog_ac_ct_DSYMUTIL=dsymutil
ac_cv_prog_ac_ct_LIPO=lipo
ac_cv_prog_ac_ct_NMEDIT=nmedit
ac_cv_prog_ac_ct_OBJDUMP=objdump
ac_cv_prog_ac_ct_OTOOL=otool
ac_cv_prog_ac_ct_RANLIB=ranlib
ac_cv_prog_ac_ct_STRIP=strip
ac_cv_prog_cc_c89=
ac_cv_prog_cc_g=yes
ac_cv_prog_make_make_set=yes
ac_cv_search_sqrt='none required'
am_cv_CC_dependencies_compiler_type=gcc3
am_cv_make_support_nested_variables=yes
am_cv_prog_cc_c_o=yes
lt_cv_apple_cc_single_mod=yes
lt_cv_ar_at_file=no
lt_cv_deplibs_check_method=pass_all
lt_cv_file_magic_cmd='$MAGIC_CMD'
lt_cv_file_magic_test_file=
lt_cv_ld_exported_symbols_list=yes
lt_cv_ld_force_load=yes
lt_cv_ld_reload_flag=-r
lt_cv_nm_interface='BSD nm'
lt_cv_objdir=.libs
lt_cv_path_LD=/usr/llvm-gcc-4.2/libexec/gcc/i686-apple-darwin11/4.2.1/ld
lt_cv_path_NM=/usr/bin/nm
lt_cv_path_mainfest_tool=no
lt_cv_prog_compiler_c_o=yes
lt_cv_prog_compiler_pic='-fno-common -DPIC'
lt_cv_prog_compiler_pic_works=yes
lt_cv_prog_compiler_rtti_exceptions=no
lt_cv_prog_compiler_static_works=no
lt_cv_prog_gnu_ld=no
lt_cv_sharedlib_from_linklib_cmd='printf %s\n'
lt_cv_sys_global_symbol_pipe='sed -n -e '\''s/^.*[	 ]\([BCDEGRST][BCDEGRST]*\)[	 ][	 ]*_\([_A-Za-z][_A-Za-z0-9]*\)$/\1 _\2 \2/p'\'' | sed '\''/ __gnu_lto/d'\'''
lt_cv_sys_global_symbol_to_c_name_address='sed -n -e '\''s/^: \([^ ]*\)[ ]*$/  {\"\1\", (void *) 0},/p'\'' -e '\''s/^[BCDEGRST]* \([^ ]*\) \([^ ]*\)$/  {"\2", (void *) \&\2},/p'\'''
lt_cv_sys_global_symbol_to_c_name_address_lib_prefix='sed -n -e '\''s/^: \([^ ]*\)[ ]*$/  {\"\1\", (void *) 0},/p'\'' -e '\''s/^[BCDEGRST]* \([^ ]*\) \(lib[^ ]*\)$/  {"\2", (void *) \&\2},/p'\'' -e '\''s/^[BCDEGRST]* \([^ ]*\) \([^ ]*\)$/  {"lib\2", (void *) \&\2},/p'\'''
lt_cv_sys_global_symbol_to_cdecl='sed -n -e '\''s/^T .* \(.*\)$/extern int \1();/p'\'' -e '\''s/^[BCDEGRST]* .* \(.*\)$/extern char \1;/p'\'''
lt_cv_sys_max_cmd_len=196608
lt_cv_to_host_file_cmd=func_convert_file_noop
lt_cv_to_tool_file_cmd=func_convert_file_noop

## ----------------- ##
## Output variables. ##
## ----------------- ##

AACPLUS_CFLAGS=''
AACPLUS_CPPFLAGS='-I '
AACPLUS_LIBS='-laacplus -lm '
AACPLUS_REQUIRES=''
ACLOCAL='${SHELL} /Users/hbradlow/Desktop/Work/Ongoing/Drones/javascript/libaacplus-2.0.2/missing aclocal-1.14'
AMDEPBACKSLASH='\'
AMDEP_FALSE='#'
AMDEP_TRUE=''
AMTAR='$${TAR-tar}'
AM_BACKSLASH='\'
AM_DEFAULT_V='$(AM_DEFAULT_VERBOSITY)'
AM_DEFAULT_VERBOSITY='1'
AM_V='$(V)'
AR='ar'
AS='as'
ASH=''
AUTOCONF='${SHELL} /Users/hbradlow/Desktop/Work/Ongoing/Drones/javascript/libaacplus-2.0.2/missing autoconf'
AUTOHEADER='${SHELL} /Users/hbradlow/Desktop/Work/Ongoing/Drones/javascript/libaacplus-2.0.2/missing autoheader'
AUTOMAKE='${SHELL} /Users/hbradlow/Desktop/Work/Ongoing/Drones/javascript/libaacplus-2.0.2/missing automake-1.14'
AWK='gawk'
BASH='/bin/bash'
CC='gcc'
CCDEPMODE='depmode=gcc3'
CFLAGS='-g -O2'
CPP='gcc -E'
CPPFLAGS=''
CYGPATH_W='echo'
DEBUG=''
DEFS='-DHAVE_CONFIG_H'
DEPDIR='.deps'
DLLTOOL='dlltool'
DOWNLOADER_PROG='/usr/local/bin/wget -N'
DOWNLOADER_PROG_CMD='/usr/local/bin/wget'
DSYMUTIL='dsymutil'
DUMPBIN=''
ECHO_C='\c'
ECHO_N=''
ECHO_T=''
EGREP='/usr/bin/grep -E'
EXEEXT=''
FFTW3_CFLAGS=''
FFTW3_INCFLAGS=''
FFTW3_LDFLAGS=''
FFTW3_LIB=''
FGREP='/usr/bin/grep -F'
GREP='/usr/bin/grep'
HAVE_PKGCONFIG_FALSE='#'
HAVE_PKGCONFIG_TRUE=''
INSTALL_DATA='${INSTALL} -m 644'
INSTALL_PROGRAM='${INSTALL}'
INSTALL_SCRIPT='${INSTALL}'
INSTALL_STRIP_PROGRAM='$(install_sh) -c -s'
LD='/usr/llvm-gcc-4.2/libexec/gcc/i686-apple-darwin11/4.2.1/ld'
LDFLAGS=''
LIBOBJS=''
LIBS=''
LIBTOOL='$(SHELL) $(top_builddir)/libtool'
LIBTOOL_DEPS='./ltmain.sh'
LIPO='lipo'
LN_S='ln -s'
LTLIBOBJS=''
MAKEINFO='${SHELL} /Users/hbradlow/Desktop/Work/Ongoing/Drones/javascript/libaacplus-2.0.2/missing makeinfo'
MANIFEST_TOOL=':'
MKDIR_P='./install-sh -c -d'
NM='/usr/bin/nm'
NMEDIT='nmedit'
OBJDUMP='objdump'
OBJEXT='o'
OPT=''
OTOOL64=':'
OTOOL='otool'
PACKAGE='libaacplus'
PACKAGE_BUGREPORT='Sergiy Guriev <piratfm@ua.fm>'
PACKAGE_NAME='libaacplus'
PACKAGE_STRING='libaacplus 2.0.2'
PACKAGE_TARNAME='libaacplus'
PACKAGE_URL=''
PACKAGE_VERSION='2.0.2'
PARAMETER_EXPANSION_STRING_REPLACE_CAPABLE_SHELL='/bin/bash'
PATCH='/usr/bin/patch'
PATH_SEPARATOR=':'
PKGCONFIG='yes'
PROFILE=''
RANLIB='ranlib'
SED='/usr/bin/sed'
SET_MAKE=''
SHELL='/bin/sh'
STRIP='strip'
UNZIP='/usr/bin/unzip'
VERSION='2.0.2'
ac_ct_AR='ar'
ac_ct_CC='gcc'
ac_ct_DUMPBIN=''
am__EXEEXT_FALSE=''
am__EXEEXT_TRUE='#'
am__fastdepCC_FALSE='#'
am__fastdepCC_TRUE=''
am__include='include'
am__isrc=''
am__leading_dot='.'
am__nodep='_no'
am__quote=''
am__tar='$${TAR-tar} chof - "$$tardir"'
am__untar='$${TAR-tar} xf -'
bindir='${exec_prefix}/bin'
build='x86_64-apple-darwin12.3.0'
build_alias=''
build_cpu='x86_64'
build_os='darwin12.3.0'
build_vendor='apple'
datadir='${datarootdir}'
datarootdir='${prefix}/share'
docdir='${datarootdir}/doc/${PACKAGE_TARNAME}'
dvidir='${docdir}'
exec_prefix='${prefix}'
host='x86_64-apple-darwin12.3.0'
host_alias=''
host_cpu='x86_64'
host_os='darwin12.3.0'
host_vendor='apple'
htmldir='${docdir}'
includedir='${prefix}/include'
infodir='${datarootdir}/info'
install_sh='${SHELL} /Users/hbradlow/Desktop/Work/Ongoing/Drones/javascript/libaacplus-2.0.2/install-sh'
libdir='${exec_prefix}/lib'
libexecdir='${exec_prefix}/libexec'
localedir='${datarootdir}/locale'
localstatedir='${prefix}/var'
mandir='${datarootdir}/man'
mkdir_p='$(MKDIR_P)'
oldincludedir='/usr/include'
pdfdir='${docdir}'
prefix='/usr/local'
program_transform_name='s,x,x,'
psdir='${docdir}'
sbindir='${exec_prefix}/sbin'
sharedstatedir='${prefix}/com'
sysconfdir='${prefix}/etc'
target_alias=''

## ----------- ##
## confdefs.h. ##
## ----------- ##

/* confdefs.h */
#define PACKAGE_NAME "libaacplus"
#define PACKAGE_TARNAME "libaacplus"
#define PACKAGE_VERSION "2.0.2"
#define PACKAGE_STRING "libaacplus 2.0.2"
#define PACKAGE_BUGREPORT "Sergiy Guriev <piratfm@ua.fm>"
#define PACKAGE_URL ""
#define PACKAGE "libaacplus"
#define VERSION "2.0.2"
#define STDC_HEADERS 1
#define HAVE_SYS_TYPES_H 1
#define HAVE_SYS_STAT_H 1
#define HAVE_STDLIB_H 1
#define HAVE_STRING_H 1
#define HAVE_MEMORY_H 1
#define HAVE_STRINGS_H 1
#define HAVE_INTTYPES_H 1
#define HAVE_STDINT_H 1
#define HAVE_UNISTD_H 1
#define HAVE_DLFCN_H 1
#define LT_OBJDIR ".libs/"
#define STDC_HEADERS 1
#define HAVE_FLOAT_H 1
#define HAVE_MEMORY_H 1
#define HAVE_STDINT_H 1
#define HAVE_STDLIB_H 1
#define HAVE_STRING_H 1
#define HAVE_STDLIB_H 1
#define HAVE_MALLOC 1
#define HAVE_FLOOR 1
#define HAVE_MEMMOVE 1
#define HAVE_MEMSET 1
#define HAVE_POW 1
#define HAVE_SQRT 1

configure: exit 0

## ---------------------- ##
## Running config.status. ##
## ---------------------- ##

This file was extended by libaacplus config.status 2.0.2, which was
generated by GNU Autoconf 2.69.  Invocation command line was

  CONFIG_FILES    = 
  CONFIG_HEADERS  = 
  CONFIG_LINKS    = 
  CONFIG_COMMANDS = 
  $ ./config.status config.h

on Henrys-MacBook-Pro.local

config.status:1121: creating config.h
config.status:1302: config.h is unchanged
